<?xml version="1.0" encoding="UTF-8"?>
<testng-results ignored="0" total="4" passed="4" failed="0" skipped="0">
  <reporter-output>
  </reporter-output>
  <suite started-at="2025-05-14T16:04:33 IST" name="Suite" finished-at="2025-05-14T16:05:13 IST" duration-ms="39870">
    <groups>
    </groups>
    <test started-at="2025-05-14T16:04:33 IST" name="Test" finished-at="2025-05-14T16:05:13 IST" duration-ms="39870">
      <class name="testCases.homepageTest">
        <test-method is-config="true" signature="LaunchSite(org.testng.ITestResult)[pri:0, instance:testCases.homepageTest@6150c3ec]" started-at="2025-05-14T16:05:02 IST" name="LaunchSite" finished-at="2025-05-14T16:05:09 IST" duration-ms="7496" status="PASS">
          <params>
            <param index="0">
              <value>
                <![CDATA[[TestResult name={null} status=CREATED method=homepageTest.megamenuMenJeans()[pri:0, instance:testCases.homepageTest@6150c3ec] output={null}]]]>
              </value>
            </param>
          </params>
          <reporter-output>
          </reporter-output>
        </test-method> <!-- LaunchSite -->
        <test-method signature="megamenuMenJeans()[pri:0, instance:testCases.homepageTest@6150c3ec]" started-at="2025-05-14T16:05:09 IST" name="megamenuMenJeans" finished-at="2025-05-14T16:05:13 IST" duration-ms="3455" status="PASS">
          <reporter-output>
          </reporter-output>
        </test-method> <!-- megamenuMenJeans -->
        <test-method is-config="true" signature="tearDown()[pri:0, instance:testCases.homepageTest@6150c3ec]" started-at="2025-05-14T16:05:13 IST" name="tearDown" finished-at="2025-05-14T16:05:13 IST" duration-ms="267" status="PASS">
          <reporter-output>
          </reporter-output>
        </test-method> <!-- tearDown -->
      </class> <!-- testCases.homepageTest -->
      <class name="testCases.cartTest">
        <test-method is-config="true" signature="LaunchSite(org.testng.ITestResult)[pri:0, instance:testCases.cartTest@76505305]" started-at="2025-05-14T16:04:33 IST" name="LaunchSite" finished-at="2025-05-14T16:04:43 IST" duration-ms="9287" status="PASS">
          <params>
            <param index="0">
              <value>
                <![CDATA[[TestResult name={null} status=CREATED method=cartTest.verifyCartOpen()[pri:0, instance:testCases.cartTest@76505305] output={null}]]]>
              </value>
            </param>
          </params>
          <reporter-output>
          </reporter-output>
        </test-method> <!-- LaunchSite -->
        <test-method signature="verifyCartOpen()[pri:0, instance:testCases.cartTest@76505305]" started-at="2025-05-14T16:04:43 IST" name="verifyCartOpen" finished-at="2025-05-14T16:04:43 IST" duration-ms="433" status="PASS">
          <reporter-output>
          </reporter-output>
        </test-method> <!-- verifyCartOpen -->
        <test-method is-config="true" signature="tearDown()[pri:0, instance:testCases.cartTest@76505305]" started-at="2025-05-14T16:04:43 IST" name="tearDown" finished-at="2025-05-14T16:04:43 IST" duration-ms="277" status="PASS">
          <reporter-output>
          </reporter-output>
        </test-method> <!-- tearDown -->
      </class> <!-- testCases.cartTest -->
      <class name="testCases.searchTest">
        <test-method is-config="true" signature="LaunchSite(org.testng.ITestResult)[pri:0, instance:testCases.searchTest@1573f9fc]" started-at="2025-05-14T16:04:43 IST" name="LaunchSite" finished-at="2025-05-14T16:04:50 IST" duration-ms="6706" status="PASS">
          <params>
            <param index="0">
              <value>
                <![CDATA[[TestResult name={null} status=CREATED method=searchTest.searchByValidInput()[pri:1, instance:testCases.searchTest@1573f9fc] output={null}]]]>
              </value>
            </param>
          </params>
          <reporter-output>
          </reporter-output>
        </test-method> <!-- LaunchSite -->
        <test-method signature="searchByValidInput()[pri:1, instance:testCases.searchTest@1573f9fc]" started-at="2025-05-14T16:04:50 IST" name="searchByValidInput" finished-at="2025-05-14T16:04:51 IST" duration-ms="1365" status="PASS">
          <reporter-output>
          </reporter-output>
        </test-method> <!-- searchByValidInput -->
        <test-method is-config="true" signature="tearDown()[pri:0, instance:testCases.searchTest@1573f9fc]" started-at="2025-05-14T16:04:51 IST" name="tearDown" finished-at="2025-05-14T16:04:52 IST" duration-ms="214" status="PASS">
          <reporter-output>
          </reporter-output>
        </test-method> <!-- tearDown -->
        <test-method is-config="true" signature="LaunchSite(org.testng.ITestResult)[pri:0, instance:testCases.searchTest@1573f9fc]" started-at="2025-05-14T16:04:52 IST" name="LaunchSite" finished-at="2025-05-14T16:04:59 IST" duration-ms="7374" status="PASS">
          <params>
            <param index="0">
              <value>
                <![CDATA[[TestResult name={null} status=CREATED method=searchTest.searchByInvalidInput()[pri:2, instance:testCases.searchTest@1573f9fc] output={null}]]]>
              </value>
            </param>
          </params>
          <reporter-output>
          </reporter-output>
        </test-method> <!-- LaunchSite -->
        <test-method signature="searchByInvalidInput()[pri:2, instance:testCases.searchTest@1573f9fc]" started-at="2025-05-14T16:04:59 IST" name="searchByInvalidInput" finished-at="2025-05-14T16:05:01 IST" duration-ms="2309" status="PASS">
          <reporter-output>
          </reporter-output>
        </test-method> <!-- searchByInvalidInput -->
        <test-method is-config="true" signature="tearDown()[pri:0, instance:testCases.searchTest@1573f9fc]" started-at="2025-05-14T16:05:01 IST" name="tearDown" finished-at="2025-05-14T16:05:02 IST" duration-ms="247" status="PASS">
          <reporter-output>
          </reporter-output>
        </test-method> <!-- tearDown -->
      </class> <!-- testCases.searchTest -->
    </test> <!-- Test -->
  </suite> <!-- Suite -->
</testng-results>
